2024-01-31 11:42:26.656 [info] 実験 'pythonRecommendTensorboardExt' はアクティブです
2024-01-31 11:42:26.656 [info] 実験 'pythonREPLSmartSend' はアクティブです
2024-01-31 11:42:26.656 [info] 実験 'pythonTerminalEnvVarActivation' はアクティブです
2024-01-31 11:42:26.656 [info] 実験 'pythonTestAdapter' はアクティブです
2024-01-31 11:42:26.656 [info] Default formatter is set to null for workspace /root
2024-01-31 11:42:26.657 [info] Test server listening.
2024-01-31 11:42:26.682 [info] Send text to terminal: echo /bin/bash
2024-01-31 11:42:27.169 [info] > /usr/local/bin/python3 -I ./.vscode-server/extensions/ms-python.python-2023.22.1/pythonFiles/get_output_via_markers.py ./.vscode-server/extensions/ms-python.python-2023.22.1/pythonFiles/interpreterInfo.py
2024-01-31 11:42:27.412 [info] Python インタープリター パス: /usr/local/bin/python3
2024-01-31 11:42:28.961 [info] Pylance 言語サーバーを開始しています。
2024-01-31 11:52:51.325 [info] Discover tests for workspace name: root - uri: /root/myproject/urls.py
2024-01-31 13:50:24.722 [info] Discover tests for workspace name: root - uri: /root/myproject/urls.py
2024-01-31 13:52:07.278 [info] Discover tests for workspace name: root - uri: /root/myproject/urls.py
2024-01-31 13:52:26.677 [info] Discover tests for workspace name: root - uri: /root/myproject/urls.py
2024-01-31 13:53:08.185 [info] > conda info --json
2024-01-31 13:53:08.261 [info] Found: /usr/local/bin/python --> /usr/local/bin/python3.4
2024-01-31 13:53:08.263 [info] Found: /usr/local/bin/python3 --> /usr/local/bin/python3.4
2024-01-31 13:53:08.263 [info] Found: /usr/local/bin/python3.4 --> /usr/local/bin/python3.4
2024-01-31 13:53:08.284 [info] > /usr/local/bin/python -I ./.vscode-server/extensions/ms-python.python-2023.22.1/pythonFiles/get_output_via_markers.py ./.vscode-server/extensions/ms-python.python-2023.22.1/pythonFiles/interpreterInfo.py
2024-01-31 14:06:28.669 [info] Discover tests for workspace name: root - uri: /root/myproject/settings.py
2024-01-31 14:08:49.624 [info] Discover tests for workspace name: root - uri: /root/myproject/urls.py
2024-01-31 14:09:02.474 [info] Discover tests for workspace name: root - uri: /root/myproject/urls.py
2024-01-31 14:10:46.842 [info] Discover tests for workspace name: root - uri: /root/myproject/urls.py
2024-01-31 14:11:44.473 [info] Discover tests for workspace name: root - uri: /root/myproject/urls.py
