2024-02-03 05:32:14.885 [info] ログ レベル: Info
2024-02-03 05:32:14.887 [info] Git の検証が検出されました: "git"
2024-02-03 05:32:14.889 [info] "git" から Git "2.39.2" を使用しています
2024-02-03 05:32:14.891 [info] > git rev-parse --show-toplevel [613ms]
2024-02-03 05:32:15.255 [info] > git rev-parse --git-dir --git-common-dir [377ms]
2024-02-03 05:32:15.324 [info] Open repository: /root
2024-02-03 05:32:15.894 [info] > git config --get commit.template [424ms]
2024-02-03 05:32:16.910 [info] > git for-each-ref --format=%(refname)%00%(upstream:short)%00%(objectname)%00%(upstream:track)%00%(upstream:remotename)%00%(upstream:remoteref) refs/heads/main refs/remotes/main [1327ms]
2024-02-03 05:32:16.912 [info] > git rev-parse --show-toplevel [1483ms]
2024-02-03 05:32:16.981 [warning] ENOENT: no such file or directory, open '/root/.git/refs/remotes/origin/main'
2024-02-03 05:32:20.117 [info] > git check-ignore -v -z --stdin [3243ms]
2024-02-03 05:32:20.122 [info] > git rev-parse --show-toplevel [2986ms]
2024-02-03 05:32:20.126 [info] > git rev-parse refs/remotes/origin/main [3144ms]
2024-02-03 05:32:22.390 [info] > git check-ignore -v -z --stdin [2216ms]
2024-02-03 05:32:22.395 [info] > git rev-parse --show-toplevel [2171ms]
2024-02-03 05:32:23.817 [info] > git check-ignore -v -z --stdin [543ms]
2024-02-03 05:32:24.495 [info] > git rev-parse --show-toplevel [1979ms]
2024-02-03 05:32:25.316 [info] > git rev-parse --show-toplevel [228ms]
2024-02-03 05:32:26.747 [info] > git check-ignore -v -z --stdin [1711ms]
2024-02-03 05:32:27.133 [info] > git ls-files --stage -- /root/crud/views/top_view.py [1075ms]
2024-02-03 05:32:27.206 [info] > git show --textconv :crud/views/top_view.py [1208ms]
2024-02-03 05:32:27.687 [info] > git cat-file -s 1ab56e0689df5540528f1b783f5b2a8f1b184de4 [513ms]
2024-02-03 05:32:33.116 [info] > git show --textconv :crud/templates/top.html [782ms]
2024-02-03 05:32:33.166 [info] > git ls-files --stage -- /root/crud/templates/top.html [772ms]
2024-02-03 05:32:33.796 [info] > git cat-file -s 3687c480acc2e5548c062b212bce10dc15f989db [600ms]
